c:\users\j504u18\desktop\tinituge-mu 10.06\debug\vc142.pdb
c:\users\j504u18\desktop\tinituge-mu 10.06\debug\vc142.idb
c:\users\j504u18\desktop\tinituge-mu 10.06\debug\yaku_serch.obj
c:\users\j504u18\desktop\tinituge-mu 10.06\debug\yaku_judge.obj
c:\users\j504u18\desktop\tinituge-mu 10.06\debug\syuntu_judge.obj
c:\users\j504u18\desktop\tinituge-mu 10.06\debug\sort.obj
c:\users\j504u18\desktop\tinituge-mu 10.06\debug\mati_judge.obj
c:\users\j504u18\desktop\tinituge-mu 10.06\debug\main.obj
c:\users\j504u18\desktop\tinituge-mu 10.06\debug\kotu_judge.obj
c:\users\j504u18\desktop\tinituge-mu 10.06\debug\hai_seiri.obj
c:\users\j504u18\desktop\tinituge-mu 10.06\debug\answer_tenpai.obj
c:\users\j504u18\desktop\tinituge-mu 10.06\debug\answer_no-ten.obj
c:\users\j504u18\desktop\tinituge-mu 10.06\debug\answer_agari.obj
c:\users\j504u18\desktop\tinituge-mu 10.06\debug\tinituge-mu.exe
c:\users\j504u18\desktop\tinituge-mu 10.06\debug\tinituge-mu.ilk
c:\users\j504u18\desktop\tinituge-mu 10.06\debug\tinituge-mu.pdb
c:\users\j504u18\desktop\tinituge-mu 10.06\debug\tinituge-mu.tlog\cl.command.1.tlog
c:\users\j504u18\desktop\tinituge-mu 10.06\debug\tinituge-mu.tlog\cl.read.1.tlog
c:\users\j504u18\desktop\tinituge-mu 10.06\debug\tinituge-mu.tlog\cl.write.1.tlog
c:\users\j504u18\desktop\tinituge-mu 10.06\debug\tinituge-mu.tlog\link.command.1.tlog
c:\users\j504u18\desktop\tinituge-mu 10.06\debug\tinituge-mu.tlog\link.read.1.tlog
c:\users\j504u18\desktop\tinituge-mu 10.06\debug\tinituge-mu.tlog\link.write.1.tlog
